#
# There is insufficient memory for the Java Runtime Environment to continue.
# Native memory allocation (mmap) failed to map 402653184 bytes for G1 virtual space
# Possible reasons:
#   The system is out of physical RAM or swap space
#   The process is running with CompressedOops enabled, and the Java Heap may be blocking the growth of the native heap
# Possible solutions:
#   Reduce memory load on the system
#   Increase physical memory or swap space
#   Check if swap backing store is full
#   Decrease Java heap size (-Xmx/-Xms)
#   Decrease number of Java threads
#   Decrease Java thread stack sizes (-Xss)
#   Set larger code cache with -XX:ReservedCodeCacheSize=
#   JVM is running with Zero Based Compressed Oops mode in which the Java heap is
#     placed in the first 32GB address space. The Java Heap base address is the
#     maximum limit for the native heap growth. Please use -XX:HeapBaseMinAddress
#     to set the Java Heap base and to place the Java Heap above 32GB virtual address.
# This output file may be truncated or incomplete.
#
#  Out of Memory Error (./open/src/hotspot/os/windows/os_windows.cpp:3472), pid=110460, tid=109616
#
# JRE version:  (15.0.1+9) (build )
# Java VM: Java HotSpot(TM) 64-Bit Server VM (15.0.1+9-18, mixed mode, sharing, tiered, compressed oops, g1 gc, windows-amd64)
# No core dump will be written. Minidumps are not enabled by default on client versions of Windows
#

---------------  S U M M A R Y ------------

Command Line: 

Host: Intel(R) Core(TM) i7-7700HQ CPU @ 2.80GHz, 8 cores, 23G,  Windows 10 , 64 bit Build 19041 (10.0.19041.928)
Time: Wed May 26 15:20:02 2021 Egypt Standard Time elapsed time: 0.057909 seconds (0d 0h 0m 0s)

---------------  T H R E A D  ---------------

Current thread (0x0000014c77438ce0):  JavaThread "Unknown thread" [_thread_in_vm, id=109616, stack(0x0000003357900000,0x0000003357a00000)]

Stack: [0x0000003357900000,0x0000003357a00000]
Native frames: (J=compiled Java code, j=interpreted, Vv=VM code, C=native code)
V  [jvm.dll+0x62ae9a]
V  [jvm.dll+0x781389]
V  [jvm.dll+0x782ae3]
V  [jvm.dll+0x783143]
V  [jvm.dll+0x216265]
V  [jvm.dll+0x6281d9]
V  [jvm.dll+0x61cd15]
V  [jvm.dll+0x2d01fd]
V  [jvm.dll+0x2d0062]
V  [jvm.dll+0x2d603c]
V  [jvm.dll+0x325b2a]
V  [jvm.dll+0x3251f4]
V  [jvm.dll+0x2a717a]
V  [jvm.dll+0x2a8318]
V  [jvm.dll+0x75e101]
V  [jvm.dll+0x3343e4]
V  [jvm.dll+0x73e826]
V  [jvm.dll+0x3b7777]
V  [jvm.dll+0x3b9201]
C  [jli.dll+0x52fb]
C  [ucrtbase.dll+0x21bb2]
C  [KERNEL32.DLL+0x17034]
C  [ntdll.dll+0x52651]


---------------  P R O C E S S  ---------------

Threads class SMR info:
_java_thread_list=0x00007ffd16084ff0, length=0, elements={
}

Java Threads: ( => current thread )

Other Threads:
  0x0000014c77498ab0 GCTaskThread "GC Thread#0" [stack: 0x0000003357a00000,0x0000003357b00000] [id=106736]
  0x0000014c774a5a80 ConcurrentGCThread "G1 Main Marker" [stack: 0x0000003357b00000,0x0000003357c00000] [id=108736]
  0x0000014c774a7d20 ConcurrentGCThread "G1 Conc#0" [stack: 0x0000003357c00000,0x0000003357d00000] [id=109136]

[error occurred during error reporting (printing all threads), id 0xc0000005, EXCEPTION_ACCESS_VIOLATION (0xc0000005) at pc=0x00007ffd15878047]

VM state: not at safepoint (not fully initialized)

VM Mutex/Monitor currently owned by a thread:  ([mutex/lock_event])
[0x0000014c77435100] Heap_lock - owner thread: 0x0000014c77438ce0

Heap address: 0x0000000681000000, size: 6128 MB, Compressed Oops mode: Zero based, Oop shift amount: 3
CDS archive(s) mapped at: [0x0000000000000000-0x0000000000000000-0x0000000000000000), size 0, SharedBaseAddress: 0x0000000800000000, ArchiveRelocationMode: 0.
Narrow klass base: 0x0000000000000000, Narrow klass shift: 0, Narrow klass range: 0x0

Heap:
 garbage-first heap   total 393216K, used 0K [0x0000000681000000, 0x0000000800000000)
  region size 4096K, 0 young (0K), 0 survivors (0K)
 Metaspace       used 0K, capacity 0K, committed 0K, reserved 0K
  class space    used 0K, capacity 0K, committed 0K, reserved 0K

Heap Regions: E=young(eden), S=young(survivor), O=old, HS=humongous(starts), HC=humongous(continues), CS=collection set, F=free, OA=open archive, CA=closed archive, TAMS=top-at-mark-start (previous, next)

Card table byte_map: [0x0000014c0fc00000,0x0000014c10800000] _byte_map_base: 0x0000014c0c7f8000

Marking Bits (Prev, Next): (CMBitMap*) 0x0000014c774991a0, (CMBitMap*) 0x0000014c774991e0
 Prev Bits: [0x0000014c11400000, 0x0000014c173c0000)
 Next Bits: [0x0000014c173c0000, 0x0000014c1d380000)

GC Heap History (0 events):
No events

Deoptimization events (0 events):
No events

Classes unloaded (0 events):
No events

Classes redefined (0 events):
No events

Internal exceptions (0 events):
No events

Events (1 events):
Event: 0.009 Loaded shared library C:\Program Files\Java\jdk-15.0.1\bin\java.dll


Dynamic libraries:
0x00007ff6f3830000 - 0x00007ff6f383f000 	C:\Program Files\Java\jdk-15.0.1\bin\java.exe
0x00007ffd4b150000 - 0x00007ffd4b345000 	C:\WINDOWS\SYSTEM32\ntdll.dll
0x00007ffd4a3d0000 - 0x00007ffd4a48d000 	C:\WINDOWS\System32\KERNEL32.DLL
0x00007ffd48860000 - 0x00007ffd48b28000 	C:\WINDOWS\System32\KERNELBASE.dll
0x00007ffd48d20000 - 0x00007ffd48e20000 	C:\WINDOWS\System32\ucrtbase.dll
0x00007ffd3a190000 - 0x00007ffd3a1a9000 	C:\Program Files\Java\jdk-15.0.1\bin\VCRUNTIME140.dll
0x00007ffd3a170000 - 0x00007ffd3a188000 	C:\Program Files\Java\jdk-15.0.1\bin\jli.dll
0x00007ffd4ad10000 - 0x00007ffd4adbc000 	C:\WINDOWS\System32\ADVAPI32.dll
0x00007ffd4a6b0000 - 0x00007ffd4a74e000 	C:\WINDOWS\System32\msvcrt.dll
0x00007ffd49d50000 - 0x00007ffd49deb000 	C:\WINDOWS\System32\sechost.dll
0x00007ffd4ab50000 - 0x00007ffd4ac7b000 	C:\WINDOWS\System32\RPCRT4.dll
0x00007ffd4a900000 - 0x00007ffd4aaa0000 	C:\WINDOWS\System32\USER32.dll
0x00007ffd48c40000 - 0x00007ffd48c62000 	C:\WINDOWS\System32\win32u.dll
0x00007ffd30870000 - 0x00007ffd30b0a000 	C:\WINDOWS\WinSxS\amd64_microsoft.windows.common-controls_6595b64144ccf1df_6.0.19041.844_none_ca00b6081b84eb1d\COMCTL32.dll
0x00007ffd4ac80000 - 0x00007ffd4acaa000 	C:\WINDOWS\System32\GDI32.dll
0x00007ffd48b30000 - 0x00007ffd48c3b000 	C:\WINDOWS\System32\gdi32full.dll
0x00007ffd48eb0000 - 0x00007ffd48f4d000 	C:\WINDOWS\System32\msvcp_win.dll
0x00007ffd418f0000 - 0x00007ffd418fa000 	C:\WINDOWS\SYSTEM32\VERSION.dll
0x00007ffd4a680000 - 0x00007ffd4a6b0000 	C:\WINDOWS\System32\IMM32.DLL
0x00007ffd44250000 - 0x00007ffd4425c000 	C:\Program Files\Java\jdk-15.0.1\bin\vcruntime140_1.dll
0x00007ffd20fb0000 - 0x00007ffd21041000 	C:\Program Files\Java\jdk-15.0.1\bin\msvcp140.dll
0x00007ffd155c0000 - 0x00007ffd1611e000 	C:\Program Files\Java\jdk-15.0.1\bin\server\jvm.dll
0x00007ffd49df0000 - 0x00007ffd49df8000 	C:\WINDOWS\System32\PSAPI.DLL
0x00007ffd35c90000 - 0x00007ffd35c99000 	C:\WINDOWS\SYSTEM32\WSOCK32.dll
0x00007ffd36c40000 - 0x00007ffd36c67000 	C:\WINDOWS\SYSTEM32\WINMM.dll
0x00007ffd4a590000 - 0x00007ffd4a5fb000 	C:\WINDOWS\System32\WS2_32.dll
0x00007ffd47160000 - 0x00007ffd47172000 	C:\WINDOWS\SYSTEM32\kernel.appcore.dll
0x00007ffd3a130000 - 0x00007ffd3a13a000 	C:\Program Files\Java\jdk-15.0.1\bin\jimage.dll
0x00007ffd383f0000 - 0x00007ffd385d4000 	C:\WINDOWS\SYSTEM32\DBGHELP.DLL
0x00007ffd382b0000 - 0x00007ffd382dc000 	C:\WINDOWS\SYSTEM32\dbgcore.DLL
0x00007ffd48f50000 - 0x00007ffd48fd0000 	C:\WINDOWS\System32\bcryptPrimitives.dll
0x00007ffd339d0000 - 0x00007ffd339f5000 	C:\Program Files\Java\jdk-15.0.1\bin\java.dll

dbghelp: loaded successfully - version: 4.0.5 - missing functions: none
symbol engine: initialized successfully - sym options: 0x614 - pdb path: .;C:\Program Files\Java\jdk-15.0.1\bin;C:\WINDOWS\SYSTEM32;C:\WINDOWS\WinSxS\amd64_microsoft.windows.common-controls_6595b64144ccf1df_6.0.19041.844_none_ca00b6081b84eb1d;C:\Program Files\Java\jdk-15.0.1\bin\server

VM Arguments:
java_command: <unknown>
java_class_path (initial): <not set>
Launcher Type: SUN_STANDARD

[Global flags]
     intx CICompilerCount                          = 4                                         {product} {ergonomic}
     uint ConcGCThreads                            = 2                                         {product} {ergonomic}
     uint G1ConcRefinementThreads                  = 8                                         {product} {ergonomic}
   size_t G1HeapRegionSize                         = 4194304                                   {product} {ergonomic}
    uintx GCDrainStackTargetSize                   = 64                                        {product} {ergonomic}
   size_t InitialHeapSize                          = 402653184                                 {product} {ergonomic}
   size_t MarkStackSize                            = 4194304                                   {product} {ergonomic}
   size_t MaxHeapSize                              = 6425673728                                {product} {ergonomic}
   size_t MinHeapDeltaBytes                        = 4194304                                   {product} {ergonomic}
   size_t MinHeapSize                              = 8388608                                   {product} {ergonomic}
    uintx NonNMethodCodeHeapSize                   = 5839372                                {pd product} {ergonomic}
    uintx NonProfiledCodeHeapSize                  = 122909434                              {pd product} {ergonomic}
    uintx ProfiledCodeHeapSize                     = 122909434                              {pd product} {ergonomic}
    uintx ReservedCodeCacheSize                    = 251658240                              {pd product} {ergonomic}
     bool SegmentedCodeCache                       = true                                      {product} {ergonomic}
   size_t SoftMaxHeapSize                          = 6425673728                             {manageable} {ergonomic}
     bool UseCompressedClassPointers               = true                                 {lp64_product} {ergonomic}
     bool UseCompressedOops                        = true                                 {lp64_product} {ergonomic}
     bool UseG1GC                                  = true                                      {product} {ergonomic}
     bool UseLargePagesIndividualAllocation        = false                                  {pd product} {ergonomic}

Logging:
Log output configuration:
 #0: stdout all=warning uptime,level,tags
 #1: stderr all=off uptime,level,tags

Environment Variables:
PATH=D:\_projects_3\React\flashcard\android\node_modules\.bin;D:\_projects_3\React\flashcard\node_modules\.bin;D:\_projects_3\React\node_modules\.bin;D:\_projects_3\node_modules\.bin;D:\node_modules\.bin;C:\Program Files\nodejs;C:\Users\Ahmad\AppData\Local\Temp\yarn--1622035194396-0.6265115264110395;D:\_projects_3\React\flashcard\node_modules\.bin;C:\Users\Ahmad\AppData\Local\Yarn\Data\link\node_modules\.bin;C:\Program Files\libexec\lib\node_modules\npm\bin\node-gyp-bin;C:\Program Files\lib\node_modules\npm\bin\node-gyp-bin;C:\Program Files\nodejs\node_modules\npm\bin\node-gyp-bin;C:\Program Files\Common Files\Oracle\Java\javapath;C:\Python39\Scripts\;C:\Python39\;C:\Python38\Scripts\;C:\Python38\;C:\Program Files\ImageMagick-7.0.10-Q16;C:\Program Files (x86)\Common Files\Intel\Shared Libraries\redist\intel64\compiler;C:\Program Files (x86)\Intel\Intel(R) Management Engine Components\iCLS\;C:\Program Files\Intel\Intel(R) Management Engine Components\iCLS\;C:\Windows\system32;C:\Windows;C:\Windows\System32\Wbem;C:\Windows\System32\WindowsPowerShell\v1.0\;C:\Windows\System32\OpenSSH\;C:\Program Files (x86)\Intel\Intel(R) Management Engine Components\DAL;C:\Program Files\Intel\Intel(R) Management Engine Components\DAL;C:\Program Files (x86)\Intel\Intel(R) Management Engine Components\IPT;C:\Program Files\Intel\Intel(R) Management Engine Components\IPT;C:\Program Files (x86)\NVIDIA Corporation\PhysX\Common;C:\Program Files\NVIDIA Corporation\NVIDIA NvDLISR;C:\Program Files (x86)\QuickTime\QTSystem\;C:\WINDOWS\system32;C:\WINDOWS;C:\WINDOWS\System32\Wbem;C:\WINDOWS\System32\WindowsPowerShell\v1.0\;C:\WINDOWS\System32\OpenSSH\;C:\Program Files\PuTTY\;C:\Program Files\Git\cmd;C:\ProgramData\chocolatey\bin;C:\Program Files (x86)\Yarn\bin\;C:\Program Files\Common Files\Autodesk Shared\;C:\Program Files (x86)\Calibre2\;C:\Program Files\nodejs\;C:\Users\Ahmad\AppData\Local\Microsoft\WindowsApps;D:\programs;C:\Python27;C:\Python27\Scripts;C:\Users\Ahmad\AppData\Local\Programs\Micr
USERNAME=Ahmad
OS=Windows_NT
PROCESSOR_IDENTIFIER=Intel64 Family 6 Model 158 Stepping 9, GenuineIntel



---------------  S Y S T E M  ---------------

OS:
 Windows 10 , 64 bit Build 19041 (10.0.19041.928)
OS uptime: 2 days 5:55 hours

CPU: total 8 (initial active 8) (4 cores per cpu, 2 threads per core) family 6 model 158 stepping 9 microcode 0xde, cmov, cx8, fxsr, mmx, sse, sse2, sse3, ssse3, sse4.1, sse4.2, popcnt, vzeroupper, avx, avx2, aes, clmul, erms, 3dnowpref, lzcnt, ht, tsc, tscinvbit, bmi1, bmi2, adx, fma, clflush, clflushopt

Memory: 4k page, system-wide physical 24496M (4918M free)
TotalPageFile size 30496M (AvailPageFile size 249M)
current process WorkingSet (physical memory assigned to process): 10M, peak: 10M
current process commit charge ("private bytes"): 60M, peak: 444M

vm_info: Java HotSpot(TM) 64-Bit Server VM (15.0.1+9-18) for windows-amd64 JRE (15.0.1+9-18), built on Sep 15 2020 14:43:54 by "mach5one" with unknown MS VC++:1925

END.
